# JRE version: Java(TM) SE Runtime Environment (7.0_55-b13) (build 1.7.0_55-b13)
# Java VM: Java HotSpot(TM) 64-Bit Server VM (24.55-b03 mixed mode linux-amd64 compressed oops)
Heap
 PSYoungGen      total 99840K, used 50610K [0x00000000f5500000, 0x0000000100000000, 0x0000000100000000)
  eden space 99328K, 50% used [0x00000000f5500000,0x00000000f866cbe8,0x00000000fb600000)
  from space 512K, 0% used [0x00000000fff80000,0x00000000fff80000,0x0000000100000000)
  to   space 37888K, 0% used [0x00000000fb600000,0x00000000fb600000,0x00000000fdb00000)
 ParOldGen       total 349184K, used 320217K [0x00000000e0000000, 0x00000000f5500000, 0x00000000f5500000)
  object space 349184K, 91% used [0x00000000e0000000,0x00000000f38b67b8,0x00000000f5500000)
 PSPermGen       total 133120K, used 133013K [0x00000000d0000000, 0x00000000d8200000, 0x00000000e0000000)
  object space 133120K, 99% used [0x00000000d0000000,0x00000000d81e5560,0x00000000d8200000)
GC Heap History (10 events):
Event: 4492.327 GC heap before
{Heap before GC invocations=1371 (full 767):
 PSYoungGen      total 99840K, used 50068K [0x00000000f5500000, 0x0000000100000000, 0x0000000100000000)
  eden space 99328K, 50% used [0x00000000f5500000,0x00000000f85e5028,0x00000000fb600000)
  from space 512K, 0% used [0x00000000fff80000,0x00000000fff80000,0x0000000100000000)
  to   space 37888K, 0% used [0x00000000fb600000,0x00000000fb600000,0x00000000fdb00000)
 ParOldGen       total 349184K, used 320082K [0x00000000e0000000, 0x00000000f5500000, 0x00000000f5500000)
  object space 349184K, 91% used [0x00000000e0000000,0x00000000f3894910,0x00000000f5500000)
 PSPermGen       total 133120K, used 132979K [0x00000000d0000000, 0x00000000d8200000, 0x00000000e0000000)
  object space 133120K, 99% used [0x00000000d0000000,0x00000000d81dcc48,0x00000000d8200000)
Event: 4492.552 GC heap after
Heap after GC invocations=1371 (full 767):
 PSYoungGen      total 99840K, used 0K [0x00000000f5500000, 0x0000000100000000, 0x0000000100000000)
  eden space 99328K, 0% used [0x00000000f5500000,0x00000000f5500000,0x00000000fb600000)
  from space 512K, 0% used [0x00000000fff80000,0x00000000fff80000,0x0000000100000000)
  to   space 37888K, 0% used [0x00000000fb600000,0x00000000fb600000,0x00000000fdb00000)
 ParOldGen       total 349184K, used 170242K [0x00000000e0000000, 0x00000000f5500000, 0x00000000f5500000)
  object space 349184K, 48% used [0x00000000e0000000,0x00000000ea640b28,0x00000000f5500000)
 PSPermGen       total 133120K, used 132979K [0x00000000d0000000, 0x00000000d8200000, 0x00000000e0000000)
  object space 133120K, 99% used [0x00000000d0000000,0x00000000d81dcc48,0x00000000d8200000)
}
Event: 4492.586 GC heap before
{Heap before GC invocations=1372 (full 768):
 PSYoungGen      total 99840K, used 51618K [0x00000000f5500000, 0x0000000100000000, 0x0000000100000000)
  eden space 99328K, 51% used [0x00000000f5500000,0x00000000f87688b0,0x00000000fb600000)
  from space 512K, 0% used [0x00000000fff80000,0x00000000fff80000,0x0000000100000000)
  to   space 37888K, 0% used [0x00000000fb600000,0x00000000fb600000,0x00000000fdb00000)
 ParOldGen       total 349184K, used 320092K [0x00000000e0000000, 0x00000000f5500000, 0x00000000f5500000)
  object space 349184K, 91% used [0x00000000e0000000,0x00000000f3897070,0x00000000f5500000)
 PSPermGen       total 133120K, used 132982K [0x00000000d0000000, 0x00000000d8200000, 0x00000000e0000000)
  object space 133120K, 99% used [0x00000000d0000000,0x00000000d81dda90,0x00000000d8200000)
Event: 4492.757 GC heap after
Heap after GC invocations=1372 (full 768):
 PSYoungGen      total 99840K, used 0K [0x00000000f5500000, 0x0000000100000000, 0x0000000100000000)
  eden space 99328K, 0% used [0x00000000f5500000,0x00000000f5500000,0x00000000fb600000)
  from space 512K, 0% used [0x00000000fff80000,0x00000000fff80000,0x0000000100000000)
  to   space 37888K, 0% used [0x00000000fb600000,0x00000000fb600000,0x00000000fdb00000)
 ParOldGen       total 349184K, used 170264K [0x00000000e0000000, 0x00000000f5500000, 0x00000000f5500000)
  object space 349184K, 48% used [0x00000000e0000000,0x00000000ea646060,0x00000000f5500000)
 PSPermGen       total 133120K, used 132982K [0x00000000d0000000, 0x00000000d8200000, 0x00000000e0000000)
  object space 133120K, 99% used [0x00000000d0000000,0x00000000d81dda90,0x00000000d8200000)
}
Event: 4492.790 GC heap before
{Heap before GC invocations=1373 (full 769):
 PSYoungGen      total 99840K, used 51038K [0x00000000f5500000, 0x0000000100000000, 0x0000000100000000)
  eden space 99328K, 51% used [0x00000000f5500000,0x00000000f86d7b70,0x00000000fb600000)
  from space 512K, 0% used [0x00000000fff80000,0x00000000fff80000,0x0000000100000000)
  to   space 37888K, 0% used [0x00000000fb600000,0x00000000fb600000,0x00000000fdb00000)
 ParOldGen       total 349184K, used 320111K [0x00000000e0000000, 0x00000000f5500000, 0x00000000f5500000)
  object space 349184K, 91% used [0x00000000e0000000,0x00000000f389bc48,0x00000000f5500000)
 PSPermGen       total 133120K, used 133002K [0x00000000d0000000, 0x00000000d8200000, 0x00000000e0000000)
  object space 133120K, 99% used [0x00000000d0000000,0x00000000d81e2a00,0x00000000d8200000)
Event: 4493.007 GC heap after
Heap after GC invocations=1373 (full 769):
 PSYoungGen      total 99840K, used 0K [0x00000000f5500000, 0x0000000100000000, 0x0000000100000000)
  eden space 99328K, 0% used [0x00000000f5500000,0x00000000f5500000,0x00000000fb600000)
  from space 512K, 0% used [0x00000000fff80000,0x00000000fff80000,0x0000000100000000)
  to   space 37888K, 0% used [0x00000000fb600000,0x00000000fb600000,0x00000000fdb00000)
 ParOldGen       total 349184K, used 170265K [0x00000000e0000000, 0x00000000f5500000, 0x00000000f5500000)
  object space 349184K, 48% used [0x00000000e0000000,0x00000000ea6464b8,0x00000000f5500000)
 PSPermGen       total 133120K, used 133002K [0x00000000d0000000, 0x00000000d8200000, 0x00000000e0000000)
  object space 133120K, 99% used [0x00000000d0000000,0x00000000d81e2980,0x00000000d8200000)
}
Event: 4493.037 GC heap before
{Heap before GC invocations=1374 (full 770):
 PSYoungGen      total 99840K, used 51004K [0x00000000f5500000, 0x0000000100000000, 0x0000000100000000)
  eden space 99328K, 51% used [0x00000000f5500000,0x00000000f86cf0c8,0x00000000fb600000)
  from space 512K, 0% used [0x00000000fff80000,0x00000000fff80000,0x0000000100000000)
  to   space 37888K, 0% used [0x00000000fb600000,0x00000000fb600000,0x00000000fdb00000)
 ParOldGen       total 349184K, used 320109K [0x00000000e0000000, 0x00000000f5500000, 0x00000000f5500000)
  object space 349184K, 91% used [0x00000000e0000000,0x00000000f389b740,0x00000000f5500000)
 PSPermGen       total 133120K, used 133008K [0x00000000d0000000, 0x00000000d8200000, 0x00000000e0000000)
  object space 133120K, 99% used [0x00000000d0000000,0x00000000d81e41c0,0x00000000d8200000)
Event: 4493.208 GC heap after
Heap after GC invocations=1374 (full 770):
 PSYoungGen      total 99840K, used 0K [0x00000000f5500000, 0x0000000100000000, 0x0000000100000000)
  eden space 99328K, 0% used [0x00000000f5500000,0x00000000f5500000,0x00000000fb600000)
  from space 512K, 0% used [0x00000000fff80000,0x00000000fff80000,0x0000000100000000)
  to   space 37888K, 0% used [0x00000000fb600000,0x00000000fb600000,0x00000000fdb00000)
 ParOldGen       total 349184K, used 170321K [0x00000000e0000000, 0x00000000f5500000, 0x00000000f5500000)
  object space 349184K, 48% used [0x00000000e0000000,0x00000000ea6547b8,0x00000000f5500000)
 PSPermGen       total 133120K, used 133008K [0x00000000d0000000, 0x00000000d8200000, 0x00000000e0000000)
  object space 133120K, 99% used [0x00000000d0000000,0x00000000d81e41c0,0x00000000d8200000)
}
Event: 4493.244 GC heap before
{Heap before GC invocations=1375 (full 771):
 PSYoungGen      total 99840K, used 50085K [0x00000000f5500000, 0x0000000100000000, 0x0000000100000000)
  eden space 99328K, 50% used [0x00000000f5500000,0x00000000f85e95c8,0x00000000fb600000)
  from space 512K, 0% used [0x00000000fff80000,0x00000000fff80000,0x0000000100000000)
  to   space 37888K, 0% used [0x00000000fb600000,0x00000000fb600000,0x00000000fdb00000)
 ParOldGen       total 349184K, used 320164K [0x00000000e0000000, 0x00000000f5500000, 0x00000000f5500000)
  object space 349184K, 91% used [0x00000000e0000000,0x00000000f38a90e0,0x00000000f5500000)
 PSPermGen       total 133120K, used 133008K [0x00000000d0000000, 0x00000000d8200000, 0x00000000e0000000)
  object space 133120K, 99% used [0x00000000d0000000,0x00000000d81e41c0,0x00000000d8200000)
Event: 4493.427 GC heap after
Heap after GC invocations=1375 (full 771):
 PSYoungGen      total 99840K, used 0K [0x00000000f5500000, 0x0000000100000000, 0x0000000100000000)
  eden space 99328K, 0% used [0x00000000f5500000,0x00000000f5500000,0x00000000fb600000)
  from space 512K, 0% used [0x00000000fff80000,0x00000000fff80000,0x0000000100000000)
  to   space 37888K, 0% used [0x00000000fb600000,0x00000000fb600000,0x00000000fdb00000)
 ParOldGen       total 349184K, used 170377K [0x00000000e0000000, 0x00000000f5500000, 0x00000000f5500000)
  object space 349184K, 48% used [0x00000000e0000000,0x00000000ea6627f0,0x00000000f5500000)
 PSPermGen       total 133120K, used 133008K [0x00000000d0000000, 0x00000000d8200000, 0x00000000e0000000)
  object space 133120K, 99% used [0x00000000d0000000,0x00000000d81e41c0,0x00000000d8200000)
}

